<?xml version="1.0" encoding="UTF-8"?>
<!-- Generated by org.testng.reporters.JUnitXMLReporter -->
<testsuite ignored="0" hostname="DESKTOP-3EHQ0FJ" failures="0" tests="3" name="Default test" time="9.673" errors="0" timestamp="2024-10-26T12:00:40 IST">
  <testcase classname="com.qa.scb.tests.CreateAccount" name="launchApplication" time="5.303"/>
  <testcase classname="com.qa.scb.tests.CreateAccount" name="loginApplication" time="4.034"/>
  <testcase classname="com.qa.scb.tests.CreateAccount" name="closeApplication" time="0.252"/>
</testsuite> <!-- Default test -->
