<?xml version="1.0" encoding="UTF-8"?>
<testng-results ignored="0" total="3" passed="3" failed="0" skipped="0">
  <reporter-output>
  </reporter-output>
  <suite started-at="2024-10-26T12:00:30 IST" name="Default suite" finished-at="2024-10-26T12:00:40 IST" duration-ms="9673">
    <groups>
    </groups>
    <test started-at="2024-10-26T12:00:30 IST" name="Default test" finished-at="2024-10-26T12:00:40 IST" duration-ms="9673">
      <class name="com.qa.scb.tests.CreateAccount">
        <test-method signature="launchApplication()[pri:1, instance:com.qa.scb.tests.CreateAccount@40a4337a]" started-at="2024-10-26T12:00:30 IST" name="launchApplication" finished-at="2024-10-26T12:00:35 IST" duration-ms="5303" status="PASS">
          <reporter-output>
          </reporter-output>
        </test-method> <!-- launchApplication -->
        <test-method signature="loginApplication()[pri:2, instance:com.qa.scb.tests.CreateAccount@40a4337a]" started-at="2024-10-26T12:00:35 IST" name="loginApplication" finished-at="2024-10-26T12:00:39 IST" duration-ms="4034" status="PASS">
          <reporter-output>
          </reporter-output>
        </test-method> <!-- loginApplication -->
        <test-method signature="closeApplication()[pri:3, instance:com.qa.scb.tests.CreateAccount@40a4337a]" started-at="2024-10-26T12:00:39 IST" name="closeApplication" finished-at="2024-10-26T12:00:40 IST" duration-ms="252" status="PASS">
          <reporter-output>
          </reporter-output>
        </test-method> <!-- closeApplication -->
      </class> <!-- com.qa.scb.tests.CreateAccount -->
    </test> <!-- Default test -->
  </suite> <!-- Default suite -->
</testng-results>
